2017-10-05 12:30:34 [127.0.0.1][-][-][error][yii\web\HttpException:404] yii\base\InvalidRouteException: Unable to resolve the request "". in D:\OpenServer\domains\yiiadv\vendor\yiisoft\yii2\base\Module.php:532
Stack trace:
#0 D:\OpenServer\domains\yiiadv\vendor\yiisoft\yii2\web\Application.php(102): yii\base\Module->runAction('', Array)
#1 D:\OpenServer\domains\yiiadv\vendor\yiisoft\yii2\base\Application.php(380): yii\web\Application->handleRequest(Object(yii\web\Request))
#2 D:\OpenServer\domains\yiiadv\api\web\index.php(19): yii\base\Application->run()
#3 {main}

Next yii\web\NotFoundHttpException: Page not found. in D:\OpenServer\domains\yiiadv\vendor\yiisoft\yii2\web\Application.php:114
Stack trace:
#0 D:\OpenServer\domains\yiiadv\vendor\yiisoft\yii2\base\Application.php(380): yii\web\Application->handleRequest(Object(yii\web\Request))
#1 D:\OpenServer\domains\yiiadv\api\web\index.php(19): yii\base\Application->run()
#2 {main}
2017-10-05 12:30:34 [127.0.0.1][-][-][info][application] $_SERVER = [
    'HTTP_HOST' => 'yiiadv.rest'
    'HTTP_X_REAL_IP' => '127.0.0.1'
    'HTTP_X_FORWARDED_PROTO' => 'http'
    'HTTP_CONNECTION' => 'close'
    'HTTP_UPGRADE_INSECURE_REQUESTS' => '1'
    'HTTP_USER_AGENT' => 'Mozilla/5.0 (Windows NT 6.1; WOW64) AppleWebKit/537.36 (KHTML, like Gecko) Chrome/55.0.2883.75 Safari/537.36'
    'HTTP_ACCEPT' => 'text/html,application/xhtml+xml,application/xml;q=0.9,image/webp,*/*;q=0.8'
    'HTTP_ACCEPT_ENCODING' => 'gzip, deflate, sdch'
    'HTTP_ACCEPT_LANGUAGE' => 'ru,en-US;q=0.8,en;q=0.6'
    'PATH' => 'd:\\openserver\\modules\\php\\PHP-7.0-x64\\ext;d:\\openserver\\modules\\php\\PHP-7.0-x64\\pear;d:\\openserver\\modules\\php\\PHP-7.0-x64\\pear\\bin;d:\\openserver\\modules\\php\\PHP-7.0-x64;d:\\openserver\\modules\\imagemagick;d:\\openserver\\modules\\wget\\bin;d:\\openserver\\modules\\git;d:\\openserver\\modules\\git\\bin;d:\\openserver\\modules\\git\\mingw\\bin;d:\\openserver\\modules\\git\\cmd;d:\\openserver\\modules\\database\\MySQL-5.6-x64\\bin;d:\\openserver\\modules\\http\\Apache-PHP-7-x64+Nginx-1.10\\bin;d:\\openserver\\modules\\http\\Apache-PHP-7-x64+Nginx-1.10;C:\\Windows\\system32;C:\\Windows;C:\\Windows\\system32\\Wbem;C:\\Windows\\SysWOW64'
    'SystemRoot' => 'C:\\Windows'
    'COMSPEC' => 'C:\\Windows\\system32\\cmd.exe'
    'PATHEXT' => '.COM;.EXE;.BAT;.CMD;.VBS;.VBE;.JS;.JSE;.WSF;.WSH;.MSC;.py;.pyw'
    'WINDIR' => 'C:\\Windows'
    'SERVER_SIGNATURE' => ''
    'SERVER_SOFTWARE' => 'Apache'
    'SERVER_NAME' => 'yiiadv.rest'
    'SERVER_ADDR' => '127.0.0.1'
    'SERVER_PORT' => '80'
    'REMOTE_ADDR' => '127.0.0.1'
    'DOCUMENT_ROOT' => 'D:/OpenServer/domains/yiiadv/api/web'
    'REQUEST_SCHEME' => 'http'
    'CONTEXT_PREFIX' => ''
    'CONTEXT_DOCUMENT_ROOT' => 'D:/OpenServer/domains/yiiadv/api/web'
    'SERVER_ADMIN' => '[no address given]'
    'SCRIPT_FILENAME' => 'D:/OpenServer/domains/yiiadv/api/web/index.php'
    'REMOTE_PORT' => '22525'
    'GATEWAY_INTERFACE' => 'CGI/1.1'
    'SERVER_PROTOCOL' => 'HTTP/1.0'
    'REQUEST_METHOD' => 'GET'
    'QUERY_STRING' => ''
    'REQUEST_URI' => '/'
    'SCRIPT_NAME' => '/index.php'
    'PHP_SELF' => '/index.php'
    'REQUEST_TIME_FLOAT' => 1507195834.619
    'REQUEST_TIME' => 1507195834
    'argv' => []
    'argc' => 0
]
2017-10-05 12:32:44 [127.0.0.1][-][-][error][yii\web\HttpException:404] yii\base\InvalidRouteException: Unable to resolve the request "". in D:\OpenServer\domains\yiiadv\vendor\yiisoft\yii2\base\Module.php:532
Stack trace:
#0 D:\OpenServer\domains\yiiadv\vendor\yiisoft\yii2\web\Application.php(102): yii\base\Module->runAction('', Array)
#1 D:\OpenServer\domains\yiiadv\vendor\yiisoft\yii2\base\Application.php(380): yii\web\Application->handleRequest(Object(yii\web\Request))
#2 D:\OpenServer\domains\yiiadv\api\web\index.php(19): yii\base\Application->run()
#3 {main}

Next yii\web\NotFoundHttpException: Page not found. in D:\OpenServer\domains\yiiadv\vendor\yiisoft\yii2\web\Application.php:114
Stack trace:
#0 D:\OpenServer\domains\yiiadv\vendor\yiisoft\yii2\base\Application.php(380): yii\web\Application->handleRequest(Object(yii\web\Request))
#1 D:\OpenServer\domains\yiiadv\api\web\index.php(19): yii\base\Application->run()
#2 {main}
2017-10-05 12:32:44 [127.0.0.1][-][-][info][application] $_SERVER = [
    'HTTP_HOST' => 'yiiadv.rest'
    'HTTP_X_REAL_IP' => '127.0.0.1'
    'HTTP_X_FORWARDED_PROTO' => 'http'
    'HTTP_CONNECTION' => 'close'
    'HTTP_CACHE_CONTROL' => 'max-age=0'
    'HTTP_UPGRADE_INSECURE_REQUESTS' => '1'
    'HTTP_USER_AGENT' => 'Mozilla/5.0 (Windows NT 6.1; WOW64) AppleWebKit/537.36 (KHTML, like Gecko) Chrome/55.0.2883.75 Safari/537.36'
    'HTTP_ACCEPT' => 'text/html,application/xhtml+xml,application/xml;q=0.9,image/webp,*/*;q=0.8'
    'HTTP_ACCEPT_ENCODING' => 'gzip, deflate, sdch'
    'HTTP_ACCEPT_LANGUAGE' => 'ru,en-US;q=0.8,en;q=0.6'
    'PATH' => 'd:\\openserver\\modules\\php\\PHP-7.0-x64\\ext;d:\\openserver\\modules\\php\\PHP-7.0-x64\\pear;d:\\openserver\\modules\\php\\PHP-7.0-x64\\pear\\bin;d:\\openserver\\modules\\php\\PHP-7.0-x64;d:\\openserver\\modules\\imagemagick;d:\\openserver\\modules\\wget\\bin;d:\\openserver\\modules\\git;d:\\openserver\\modules\\git\\bin;d:\\openserver\\modules\\git\\mingw\\bin;d:\\openserver\\modules\\git\\cmd;d:\\openserver\\modules\\database\\MySQL-5.6-x64\\bin;d:\\openserver\\modules\\http\\Apache-PHP-7-x64+Nginx-1.10\\bin;d:\\openserver\\modules\\http\\Apache-PHP-7-x64+Nginx-1.10;C:\\Windows\\system32;C:\\Windows;C:\\Windows\\system32\\Wbem;C:\\Windows\\SysWOW64'
    'SystemRoot' => 'C:\\Windows'
    'COMSPEC' => 'C:\\Windows\\system32\\cmd.exe'
    'PATHEXT' => '.COM;.EXE;.BAT;.CMD;.VBS;.VBE;.JS;.JSE;.WSF;.WSH;.MSC;.py;.pyw'
    'WINDIR' => 'C:\\Windows'
    'SERVER_SIGNATURE' => ''
    'SERVER_SOFTWARE' => 'Apache'
    'SERVER_NAME' => 'yiiadv.rest'
    'SERVER_ADDR' => '127.0.0.1'
    'SERVER_PORT' => '80'
    'REMOTE_ADDR' => '127.0.0.1'
    'DOCUMENT_ROOT' => 'D:/OpenServer/domains/yiiadv/api/web'
    'REQUEST_SCHEME' => 'http'
    'CONTEXT_PREFIX' => ''
    'CONTEXT_DOCUMENT_ROOT' => 'D:/OpenServer/domains/yiiadv/api/web'
    'SERVER_ADMIN' => '[no address given]'
    'SCRIPT_FILENAME' => 'D:/OpenServer/domains/yiiadv/api/web/index.php'
    'REMOTE_PORT' => '22551'
    'GATEWAY_INTERFACE' => 'CGI/1.1'
    'SERVER_PROTOCOL' => 'HTTP/1.0'
    'REQUEST_METHOD' => 'GET'
    'QUERY_STRING' => ''
    'REQUEST_URI' => '/'
    'SCRIPT_NAME' => '/index.php'
    'PHP_SELF' => '/index.php'
    'REQUEST_TIME_FLOAT' => 1507195964.297
    'REQUEST_TIME' => 1507195964
    'argv' => []
    'argc' => 0
]
2017-10-05 12:34:24 [127.0.0.1][-][-][error][yii\web\HttpException:404] yii\base\InvalidRouteException: Unable to resolve the request "test-rest/index". in D:\OpenServer\domains\yiiadv\vendor\yiisoft\yii2\base\Module.php:532
Stack trace:
#0 D:\OpenServer\domains\yiiadv\vendor\yiisoft\yii2\web\Application.php(102): yii\base\Module->runAction('test-rest/index', Array)
#1 D:\OpenServer\domains\yiiadv\vendor\yiisoft\yii2\base\Application.php(380): yii\web\Application->handleRequest(Object(yii\web\Request))
#2 D:\OpenServer\domains\yiiadv\api\web\index.php(19): yii\base\Application->run()
#3 {main}

Next yii\web\NotFoundHttpException: Page not found. in D:\OpenServer\domains\yiiadv\vendor\yiisoft\yii2\web\Application.php:114
Stack trace:
#0 D:\OpenServer\domains\yiiadv\vendor\yiisoft\yii2\base\Application.php(380): yii\web\Application->handleRequest(Object(yii\web\Request))
#1 D:\OpenServer\domains\yiiadv\api\web\index.php(19): yii\base\Application->run()
#2 {main}
2017-10-05 12:34:24 [127.0.0.1][-][-][info][application] $_SERVER = [
    'REDIRECT_STATUS' => '200'
    'HTTP_HOST' => 'yiiadv.rest'
    'HTTP_X_REAL_IP' => '127.0.0.1'
    'HTTP_X_FORWARDED_PROTO' => 'http'
    'HTTP_CONNECTION' => 'close'
    'HTTP_UPGRADE_INSECURE_REQUESTS' => '1'
    'HTTP_USER_AGENT' => 'Mozilla/5.0 (Windows NT 6.1; WOW64) AppleWebKit/537.36 (KHTML, like Gecko) Chrome/55.0.2883.75 Safari/537.36'
    'HTTP_ACCEPT' => 'text/html,application/xhtml+xml,application/xml;q=0.9,image/webp,*/*;q=0.8'
    'HTTP_ACCEPT_ENCODING' => 'gzip, deflate, sdch'
    'HTTP_ACCEPT_LANGUAGE' => 'ru,en-US;q=0.8,en;q=0.6'
    'PATH' => 'd:\\openserver\\modules\\php\\PHP-7.0-x64\\ext;d:\\openserver\\modules\\php\\PHP-7.0-x64\\pear;d:\\openserver\\modules\\php\\PHP-7.0-x64\\pear\\bin;d:\\openserver\\modules\\php\\PHP-7.0-x64;d:\\openserver\\modules\\imagemagick;d:\\openserver\\modules\\wget\\bin;d:\\openserver\\modules\\git;d:\\openserver\\modules\\git\\bin;d:\\openserver\\modules\\git\\mingw\\bin;d:\\openserver\\modules\\git\\cmd;d:\\openserver\\modules\\database\\MySQL-5.6-x64\\bin;d:\\openserver\\modules\\http\\Apache-PHP-7-x64+Nginx-1.10\\bin;d:\\openserver\\modules\\http\\Apache-PHP-7-x64+Nginx-1.10;C:\\Windows\\system32;C:\\Windows;C:\\Windows\\system32\\Wbem;C:\\Windows\\SysWOW64'
    'SystemRoot' => 'C:\\Windows'
    'COMSPEC' => 'C:\\Windows\\system32\\cmd.exe'
    'PATHEXT' => '.COM;.EXE;.BAT;.CMD;.VBS;.VBE;.JS;.JSE;.WSF;.WSH;.MSC;.py;.pyw'
    'WINDIR' => 'C:\\Windows'
    'SERVER_SIGNATURE' => ''
    'SERVER_SOFTWARE' => 'Apache'
    'SERVER_NAME' => 'yiiadv.rest'
    'SERVER_ADDR' => '127.0.0.1'
    'SERVER_PORT' => '80'
    'REMOTE_ADDR' => '127.0.0.1'
    'DOCUMENT_ROOT' => 'D:/OpenServer/domains/yiiadv/api/web'
    'REQUEST_SCHEME' => 'http'
    'CONTEXT_PREFIX' => ''
    'CONTEXT_DOCUMENT_ROOT' => 'D:/OpenServer/domains/yiiadv/api/web'
    'SERVER_ADMIN' => '[no address given]'
    'SCRIPT_FILENAME' => 'D:/OpenServer/domains/yiiadv/api/web/index.php'
    'REMOTE_PORT' => '22590'
    'REDIRECT_URL' => '/test-rest/index'
    'GATEWAY_INTERFACE' => 'CGI/1.1'
    'SERVER_PROTOCOL' => 'HTTP/1.0'
    'REQUEST_METHOD' => 'GET'
    'QUERY_STRING' => ''
    'REQUEST_URI' => '/test-rest/index'
    'SCRIPT_NAME' => '/index.php'
    'PHP_SELF' => '/index.php'
    'REQUEST_TIME_FLOAT' => 1507196064.523
    'REQUEST_TIME' => 1507196064
    'argv' => []
    'argc' => 0
]
2017-10-05 12:34:30 [127.0.0.1][-][-][error][yii\web\HttpException:404] yii\base\InvalidRouteException: Unable to resolve the request "test-rest/index". in D:\OpenServer\domains\yiiadv\vendor\yiisoft\yii2\base\Module.php:532
Stack trace:
#0 D:\OpenServer\domains\yiiadv\vendor\yiisoft\yii2\web\Application.php(102): yii\base\Module->runAction('test-rest/index', Array)
#1 D:\OpenServer\domains\yiiadv\vendor\yiisoft\yii2\base\Application.php(380): yii\web\Application->handleRequest(Object(yii\web\Request))
#2 D:\OpenServer\domains\yiiadv\api\web\index.php(19): yii\base\Application->run()
#3 {main}

Next yii\web\NotFoundHttpException: Page not found. in D:\OpenServer\domains\yiiadv\vendor\yiisoft\yii2\web\Application.php:114
Stack trace:
#0 D:\OpenServer\domains\yiiadv\vendor\yiisoft\yii2\base\Application.php(380): yii\web\Application->handleRequest(Object(yii\web\Request))
#1 D:\OpenServer\domains\yiiadv\api\web\index.php(19): yii\base\Application->run()
#2 {main}
2017-10-05 12:34:30 [127.0.0.1][-][-][info][application] $_SERVER = [
    'REDIRECT_STATUS' => '200'
    'HTTP_HOST' => 'yiiadv.rest'
    'HTTP_X_REAL_IP' => '127.0.0.1'
    'HTTP_X_FORWARDED_PROTO' => 'http'
    'HTTP_CONNECTION' => 'close'
    'HTTP_CACHE_CONTROL' => 'max-age=0'
    'HTTP_UPGRADE_INSECURE_REQUESTS' => '1'
    'HTTP_USER_AGENT' => 'Mozilla/5.0 (Windows NT 6.1; WOW64) AppleWebKit/537.36 (KHTML, like Gecko) Chrome/55.0.2883.75 Safari/537.36'
    'HTTP_ACCEPT' => 'text/html,application/xhtml+xml,application/xml;q=0.9,image/webp,*/*;q=0.8'
    'HTTP_ACCEPT_ENCODING' => 'gzip, deflate, sdch'
    'HTTP_ACCEPT_LANGUAGE' => 'ru,en-US;q=0.8,en;q=0.6'
    'PATH' => 'd:\\openserver\\modules\\php\\PHP-7.0-x64\\ext;d:\\openserver\\modules\\php\\PHP-7.0-x64\\pear;d:\\openserver\\modules\\php\\PHP-7.0-x64\\pear\\bin;d:\\openserver\\modules\\php\\PHP-7.0-x64;d:\\openserver\\modules\\imagemagick;d:\\openserver\\modules\\wget\\bin;d:\\openserver\\modules\\git;d:\\openserver\\modules\\git\\bin;d:\\openserver\\modules\\git\\mingw\\bin;d:\\openserver\\modules\\git\\cmd;d:\\openserver\\modules\\database\\MySQL-5.6-x64\\bin;d:\\openserver\\modules\\http\\Apache-PHP-7-x64+Nginx-1.10\\bin;d:\\openserver\\modules\\http\\Apache-PHP-7-x64+Nginx-1.10;C:\\Windows\\system32;C:\\Windows;C:\\Windows\\system32\\Wbem;C:\\Windows\\SysWOW64'
    'SystemRoot' => 'C:\\Windows'
    'COMSPEC' => 'C:\\Windows\\system32\\cmd.exe'
    'PATHEXT' => '.COM;.EXE;.BAT;.CMD;.VBS;.VBE;.JS;.JSE;.WSF;.WSH;.MSC;.py;.pyw'
    'WINDIR' => 'C:\\Windows'
    'SERVER_SIGNATURE' => ''
    'SERVER_SOFTWARE' => 'Apache'
    'SERVER_NAME' => 'yiiadv.rest'
    'SERVER_ADDR' => '127.0.0.1'
    'SERVER_PORT' => '80'
    'REMOTE_ADDR' => '127.0.0.1'
    'DOCUMENT_ROOT' => 'D:/OpenServer/domains/yiiadv/api/web'
    'REQUEST_SCHEME' => 'http'
    'CONTEXT_PREFIX' => ''
    'CONTEXT_DOCUMENT_ROOT' => 'D:/OpenServer/domains/yiiadv/api/web'
    'SERVER_ADMIN' => '[no address given]'
    'SCRIPT_FILENAME' => 'D:/OpenServer/domains/yiiadv/api/web/index.php'
    'REMOTE_PORT' => '22591'
    'REDIRECT_URL' => '/test-rest/index'
    'GATEWAY_INTERFACE' => 'CGI/1.1'
    'SERVER_PROTOCOL' => 'HTTP/1.0'
    'REQUEST_METHOD' => 'GET'
    'QUERY_STRING' => ''
    'REQUEST_URI' => '/test-rest/index'
    'SCRIPT_NAME' => '/index.php'
    'PHP_SELF' => '/index.php'
    'REQUEST_TIME_FLOAT' => 1507196070.689
    'REQUEST_TIME' => 1507196070
    'argv' => []
    'argc' => 0
]
2017-10-05 12:35:52 [127.0.0.1][-][-][error][yii\web\HttpException:404] yii\base\InvalidRouteException: Unable to resolve the request "test-rest/index". in D:\OpenServer\domains\yiiadv\vendor\yiisoft\yii2\base\Module.php:532
Stack trace:
#0 D:\OpenServer\domains\yiiadv\vendor\yiisoft\yii2\web\Application.php(102): yii\base\Module->runAction('test-rest/index', Array)
#1 D:\OpenServer\domains\yiiadv\vendor\yiisoft\yii2\base\Application.php(380): yii\web\Application->handleRequest(Object(yii\web\Request))
#2 D:\OpenServer\domains\yiiadv\api\web\index.php(19): yii\base\Application->run()
#3 {main}

Next yii\web\NotFoundHttpException: Page not found. in D:\OpenServer\domains\yiiadv\vendor\yiisoft\yii2\web\Application.php:114
Stack trace:
#0 D:\OpenServer\domains\yiiadv\vendor\yiisoft\yii2\base\Application.php(380): yii\web\Application->handleRequest(Object(yii\web\Request))
#1 D:\OpenServer\domains\yiiadv\api\web\index.php(19): yii\base\Application->run()
#2 {main}
2017-10-05 12:35:52 [127.0.0.1][-][-][info][application] $_SERVER = [
    'REDIRECT_STATUS' => '200'
    'HTTP_HOST' => 'yiiadv.rest'
    'HTTP_X_REAL_IP' => '127.0.0.1'
    'HTTP_X_FORWARDED_PROTO' => 'http'
    'HTTP_CONNECTION' => 'close'
    'HTTP_UPGRADE_INSECURE_REQUESTS' => '1'
    'HTTP_USER_AGENT' => 'Mozilla/5.0 (Windows NT 6.1; WOW64) AppleWebKit/537.36 (KHTML, like Gecko) Chrome/55.0.2883.75 Safari/537.36'
    'HTTP_ACCEPT' => 'text/html,application/xhtml+xml,application/xml;q=0.9,image/webp,*/*;q=0.8'
    'HTTP_ACCEPT_ENCODING' => 'gzip, deflate, sdch'
    'HTTP_ACCEPT_LANGUAGE' => 'ru,en-US;q=0.8,en;q=0.6'
    'PATH' => 'd:\\openserver\\modules\\php\\PHP-7.0-x64\\ext;d:\\openserver\\modules\\php\\PHP-7.0-x64\\pear;d:\\openserver\\modules\\php\\PHP-7.0-x64\\pear\\bin;d:\\openserver\\modules\\php\\PHP-7.0-x64;d:\\openserver\\modules\\imagemagick;d:\\openserver\\modules\\wget\\bin;d:\\openserver\\modules\\git;d:\\openserver\\modules\\git\\bin;d:\\openserver\\modules\\git\\mingw\\bin;d:\\openserver\\modules\\git\\cmd;d:\\openserver\\modules\\database\\MySQL-5.6-x64\\bin;d:\\openserver\\modules\\http\\Apache-PHP-7-x64+Nginx-1.10\\bin;d:\\openserver\\modules\\http\\Apache-PHP-7-x64+Nginx-1.10;C:\\Windows\\system32;C:\\Windows;C:\\Windows\\system32\\Wbem;C:\\Windows\\SysWOW64'
    'SystemRoot' => 'C:\\Windows'
    'COMSPEC' => 'C:\\Windows\\system32\\cmd.exe'
    'PATHEXT' => '.COM;.EXE;.BAT;.CMD;.VBS;.VBE;.JS;.JSE;.WSF;.WSH;.MSC;.py;.pyw'
    'WINDIR' => 'C:\\Windows'
    'SERVER_SIGNATURE' => ''
    'SERVER_SOFTWARE' => 'Apache'
    'SERVER_NAME' => 'yiiadv.rest'
    'SERVER_ADDR' => '127.0.0.1'
    'SERVER_PORT' => '80'
    'REMOTE_ADDR' => '127.0.0.1'
    'DOCUMENT_ROOT' => 'D:/OpenServer/domains/yiiadv/api'
    'REQUEST_SCHEME' => 'http'
    'CONTEXT_PREFIX' => ''
    'CONTEXT_DOCUMENT_ROOT' => 'D:/OpenServer/domains/yiiadv/api'
    'SERVER_ADMIN' => '[no address given]'
    'SCRIPT_FILENAME' => 'D:/OpenServer/domains/yiiadv/api/web/index.php'
    'REMOTE_PORT' => '22619'
    'REDIRECT_URL' => '/web/test-rest/index'
    'GATEWAY_INTERFACE' => 'CGI/1.1'
    'SERVER_PROTOCOL' => 'HTTP/1.0'
    'REQUEST_METHOD' => 'GET'
    'QUERY_STRING' => ''
    'REQUEST_URI' => '/web/test-rest/index'
    'SCRIPT_NAME' => '/web/index.php'
    'PHP_SELF' => '/web/index.php'
    'REQUEST_TIME_FLOAT' => 1507196152.214
    'REQUEST_TIME' => 1507196152
    'argv' => []
    'argc' => 0
]
2017-10-05 12:39:13 [127.0.0.1][-][-][error][yii\web\HttpException:404] yii\base\InvalidRouteException: Unable to resolve the request "test-rest/index". in D:\OpenServer\domains\yiiadv\vendor\yiisoft\yii2\base\Module.php:532
Stack trace:
#0 D:\OpenServer\domains\yiiadv\vendor\yiisoft\yii2\web\Application.php(102): yii\base\Module->runAction('test-rest/index', Array)
#1 D:\OpenServer\domains\yiiadv\vendor\yiisoft\yii2\base\Application.php(380): yii\web\Application->handleRequest(Object(yii\web\Request))
#2 D:\OpenServer\domains\yiiadv\api\web\index.php(19): yii\base\Application->run()
#3 {main}

Next yii\web\NotFoundHttpException: Page not found. in D:\OpenServer\domains\yiiadv\vendor\yiisoft\yii2\web\Application.php:114
Stack trace:
#0 D:\OpenServer\domains\yiiadv\vendor\yiisoft\yii2\base\Application.php(380): yii\web\Application->handleRequest(Object(yii\web\Request))
#1 D:\OpenServer\domains\yiiadv\api\web\index.php(19): yii\base\Application->run()
#2 {main}
2017-10-05 12:39:13 [127.0.0.1][-][-][info][application] $_SERVER = [
    'REDIRECT_STATUS' => '200'
    'HTTP_HOST' => 'yiiadv.rest'
    'HTTP_X_REAL_IP' => '127.0.0.1'
    'HTTP_X_FORWARDED_PROTO' => 'http'
    'HTTP_CONNECTION' => 'close'
    'HTTP_CACHE_CONTROL' => 'no-cache'
    'HTTP_USER_AGENT' => 'Mozilla/5.0 (Windows NT 6.1; WOW64) AppleWebKit/537.36 (KHTML, like Gecko) Chrome/55.0.2883.75 Safari/537.36'
    'HTTP_POSTMAN_TOKEN' => '209e8fcc-6bb7-1c3a-f52f-42e19b6d0731'
    'HTTP_ACCEPT' => '*/*'
    'HTTP_ACCEPT_ENCODING' => 'gzip, deflate, sdch'
    'HTTP_ACCEPT_LANGUAGE' => 'ru,en-US;q=0.8,en;q=0.6'
    'PATH' => 'd:\\openserver\\modules\\php\\PHP-7.0-x64\\ext;d:\\openserver\\modules\\php\\PHP-7.0-x64\\pear;d:\\openserver\\modules\\php\\PHP-7.0-x64\\pear\\bin;d:\\openserver\\modules\\php\\PHP-7.0-x64;d:\\openserver\\modules\\imagemagick;d:\\openserver\\modules\\wget\\bin;d:\\openserver\\modules\\git;d:\\openserver\\modules\\git\\bin;d:\\openserver\\modules\\git\\mingw\\bin;d:\\openserver\\modules\\git\\cmd;d:\\openserver\\modules\\database\\MySQL-5.6-x64\\bin;d:\\openserver\\modules\\http\\Apache-PHP-7-x64+Nginx-1.10\\bin;d:\\openserver\\modules\\http\\Apache-PHP-7-x64+Nginx-1.10;C:\\Windows\\system32;C:\\Windows;C:\\Windows\\system32\\Wbem;C:\\Windows\\SysWOW64'
    'SystemRoot' => 'C:\\Windows'
    'COMSPEC' => 'C:\\Windows\\system32\\cmd.exe'
    'PATHEXT' => '.COM;.EXE;.BAT;.CMD;.VBS;.VBE;.JS;.JSE;.WSF;.WSH;.MSC;.py;.pyw'
    'WINDIR' => 'C:\\Windows'
    'SERVER_SIGNATURE' => ''
    'SERVER_SOFTWARE' => 'Apache'
    'SERVER_NAME' => 'yiiadv.rest'
    'SERVER_ADDR' => '127.0.0.1'
    'SERVER_PORT' => '80'
    'REMOTE_ADDR' => '127.0.0.1'
    'DOCUMENT_ROOT' => 'D:/OpenServer/domains/yiiadv/api'
    'REQUEST_SCHEME' => 'http'
    'CONTEXT_PREFIX' => ''
    'CONTEXT_DOCUMENT_ROOT' => 'D:/OpenServer/domains/yiiadv/api'
    'SERVER_ADMIN' => '[no address given]'
    'SCRIPT_FILENAME' => 'D:/OpenServer/domains/yiiadv/api/web/index.php'
    'REMOTE_PORT' => '22750'
    'REDIRECT_URL' => '/web/test-rest/index'
    'GATEWAY_INTERFACE' => 'CGI/1.1'
    'SERVER_PROTOCOL' => 'HTTP/1.0'
    'REQUEST_METHOD' => 'GET'
    'QUERY_STRING' => ''
    'REQUEST_URI' => '/web/test-rest/index'
    'SCRIPT_NAME' => '/web/index.php'
    'PHP_SELF' => '/web/index.php'
    'REQUEST_TIME_FLOAT' => 1507196353.592
    'REQUEST_TIME' => 1507196353
    'argv' => []
    'argc' => 0
]
2017-10-05 15:55:18 [127.0.0.1][-][-][error][yii\web\HttpException:404] yii\base\InvalidRouteException: Unable to resolve the request "web/test-rest/index". in D:\OpenServer\domains\yiiadv\vendor\yiisoft\yii2\base\Module.php:532
Stack trace:
#0 D:\OpenServer\domains\yiiadv\vendor\yiisoft\yii2\web\Application.php(102): yii\base\Module->runAction('web/test-rest/i...', Array)
#1 D:\OpenServer\domains\yiiadv\vendor\yiisoft\yii2\base\Application.php(380): yii\web\Application->handleRequest(Object(yii\web\Request))
#2 D:\OpenServer\domains\yiiadv\api\web\index.php(19): yii\base\Application->run()
#3 {main}

Next yii\web\NotFoundHttpException: Page not found. in D:\OpenServer\domains\yiiadv\vendor\yiisoft\yii2\web\Application.php:114
Stack trace:
#0 D:\OpenServer\domains\yiiadv\vendor\yiisoft\yii2\base\Application.php(380): yii\web\Application->handleRequest(Object(yii\web\Request))
#1 D:\OpenServer\domains\yiiadv\api\web\index.php(19): yii\base\Application->run()
#2 {main}
2017-10-05 15:55:18 [127.0.0.1][-][-][info][application] $_SERVER = [
    'REDIRECT_STATUS' => '200'
    'HTTP_HOST' => 'yiiadv.rest'
    'HTTP_X_REAL_IP' => '127.0.0.1'
    'HTTP_X_FORWARDED_PROTO' => 'http'
    'HTTP_CONNECTION' => 'close'
    'HTTP_UPGRADE_INSECURE_REQUESTS' => '1'
    'HTTP_USER_AGENT' => 'Mozilla/5.0 (Windows NT 6.1; WOW64) AppleWebKit/537.36 (KHTML, like Gecko) Chrome/55.0.2883.75 Safari/537.36'
    'HTTP_ACCEPT' => 'text/html,application/xhtml+xml,application/xml;q=0.9,image/webp,*/*;q=0.8'
    'HTTP_ACCEPT_ENCODING' => 'gzip, deflate, sdch'
    'HTTP_ACCEPT_LANGUAGE' => 'ru,en-US;q=0.8,en;q=0.6'
    'PATH' => 'd:\\openserver\\modules\\php\\PHP-7.0-x64\\ext;d:\\openserver\\modules\\php\\PHP-7.0-x64\\pear;d:\\openserver\\modules\\php\\PHP-7.0-x64\\pear\\bin;d:\\openserver\\modules\\php\\PHP-7.0-x64;d:\\openserver\\modules\\imagemagick;d:\\openserver\\modules\\wget\\bin;d:\\openserver\\modules\\git;d:\\openserver\\modules\\git\\bin;d:\\openserver\\modules\\git\\mingw\\bin;d:\\openserver\\modules\\git\\cmd;d:\\openserver\\modules\\database\\MySQL-5.6-x64\\bin;d:\\openserver\\modules\\http\\Apache-PHP-7-x64+Nginx-1.10\\bin;d:\\openserver\\modules\\http\\Apache-PHP-7-x64+Nginx-1.10;C:\\Windows\\system32;C:\\Windows;C:\\Windows\\system32\\Wbem;C:\\Windows\\SysWOW64'
    'SystemRoot' => 'C:\\Windows'
    'COMSPEC' => 'C:\\Windows\\system32\\cmd.exe'
    'PATHEXT' => '.COM;.EXE;.BAT;.CMD;.VBS;.VBE;.JS;.JSE;.WSF;.WSH;.MSC;.py;.pyw'
    'WINDIR' => 'C:\\Windows'
    'SERVER_SIGNATURE' => ''
    'SERVER_SOFTWARE' => 'Apache'
    'SERVER_NAME' => 'yiiadv.rest'
    'SERVER_ADDR' => '127.0.0.1'
    'SERVER_PORT' => '80'
    'REMOTE_ADDR' => '127.0.0.1'
    'DOCUMENT_ROOT' => 'D:/OpenServer/domains/yiiadv/api/web'
    'REQUEST_SCHEME' => 'http'
    'CONTEXT_PREFIX' => ''
    'CONTEXT_DOCUMENT_ROOT' => 'D:/OpenServer/domains/yiiadv/api/web'
    'SERVER_ADMIN' => '[no address given]'
    'SCRIPT_FILENAME' => 'D:/OpenServer/domains/yiiadv/api/web/index.php'
    'REMOTE_PORT' => '22859'
    'REDIRECT_URL' => '/web/test-rest/index'
    'GATEWAY_INTERFACE' => 'CGI/1.1'
    'SERVER_PROTOCOL' => 'HTTP/1.0'
    'REQUEST_METHOD' => 'GET'
    'QUERY_STRING' => ''
    'REQUEST_URI' => '/web/test-rest/index'
    'SCRIPT_NAME' => '/index.php'
    'PHP_SELF' => '/index.php'
    'REQUEST_TIME_FLOAT' => 1507208118.631
    'REQUEST_TIME' => 1507208118
    'argv' => []
    'argc' => 0
]
2017-10-05 15:55:24 [127.0.0.1][-][-][error][yii\web\HttpException:404] yii\base\InvalidRouteException: Unable to resolve the request "web/test-rest/index". in D:\OpenServer\domains\yiiadv\vendor\yiisoft\yii2\base\Module.php:532
Stack trace:
#0 D:\OpenServer\domains\yiiadv\vendor\yiisoft\yii2\web\Application.php(102): yii\base\Module->runAction('web/test-rest/i...', Array)
#1 D:\OpenServer\domains\yiiadv\vendor\yiisoft\yii2\base\Application.php(380): yii\web\Application->handleRequest(Object(yii\web\Request))
#2 D:\OpenServer\domains\yiiadv\api\web\index.php(19): yii\base\Application->run()
#3 {main}

Next yii\web\NotFoundHttpException: Page not found. in D:\OpenServer\domains\yiiadv\vendor\yiisoft\yii2\web\Application.php:114
Stack trace:
#0 D:\OpenServer\domains\yiiadv\vendor\yiisoft\yii2\base\Application.php(380): yii\web\Application->handleRequest(Object(yii\web\Request))
#1 D:\OpenServer\domains\yiiadv\api\web\index.php(19): yii\base\Application->run()
#2 {main}
2017-10-05 15:55:24 [127.0.0.1][-][-][info][application] $_SERVER = [
    'REDIRECT_STATUS' => '200'
    'HTTP_HOST' => 'yiiadv.rest'
    'HTTP_X_REAL_IP' => '127.0.0.1'
    'HTTP_X_FORWARDED_PROTO' => 'http'
    'HTTP_CONNECTION' => 'close'
    'HTTP_CACHE_CONTROL' => 'max-age=0'
    'HTTP_UPGRADE_INSECURE_REQUESTS' => '1'
    'HTTP_USER_AGENT' => 'Mozilla/5.0 (Windows NT 6.1; WOW64) AppleWebKit/537.36 (KHTML, like Gecko) Chrome/55.0.2883.75 Safari/537.36'
    'HTTP_ACCEPT' => 'text/html,application/xhtml+xml,application/xml;q=0.9,image/webp,*/*;q=0.8'
    'HTTP_ACCEPT_ENCODING' => 'gzip, deflate, sdch'
    'HTTP_ACCEPT_LANGUAGE' => 'ru,en-US;q=0.8,en;q=0.6'
    'PATH' => 'd:\\openserver\\modules\\php\\PHP-7.0-x64\\ext;d:\\openserver\\modules\\php\\PHP-7.0-x64\\pear;d:\\openserver\\modules\\php\\PHP-7.0-x64\\pear\\bin;d:\\openserver\\modules\\php\\PHP-7.0-x64;d:\\openserver\\modules\\imagemagick;d:\\openserver\\modules\\wget\\bin;d:\\openserver\\modules\\git;d:\\openserver\\modules\\git\\bin;d:\\openserver\\modules\\git\\mingw\\bin;d:\\openserver\\modules\\git\\cmd;d:\\openserver\\modules\\database\\MySQL-5.6-x64\\bin;d:\\openserver\\modules\\http\\Apache-PHP-7-x64+Nginx-1.10\\bin;d:\\openserver\\modules\\http\\Apache-PHP-7-x64+Nginx-1.10;C:\\Windows\\system32;C:\\Windows;C:\\Windows\\system32\\Wbem;C:\\Windows\\SysWOW64'
    'SystemRoot' => 'C:\\Windows'
    'COMSPEC' => 'C:\\Windows\\system32\\cmd.exe'
    'PATHEXT' => '.COM;.EXE;.BAT;.CMD;.VBS;.VBE;.JS;.JSE;.WSF;.WSH;.MSC;.py;.pyw'
    'WINDIR' => 'C:\\Windows'
    'SERVER_SIGNATURE' => ''
    'SERVER_SOFTWARE' => 'Apache'
    'SERVER_NAME' => 'yiiadv.rest'
    'SERVER_ADDR' => '127.0.0.1'
    'SERVER_PORT' => '80'
    'REMOTE_ADDR' => '127.0.0.1'
    'DOCUMENT_ROOT' => 'D:/OpenServer/domains/yiiadv/api/web'
    'REQUEST_SCHEME' => 'http'
    'CONTEXT_PREFIX' => ''
    'CONTEXT_DOCUMENT_ROOT' => 'D:/OpenServer/domains/yiiadv/api/web'
    'SERVER_ADMIN' => '[no address given]'
    'SCRIPT_FILENAME' => 'D:/OpenServer/domains/yiiadv/api/web/index.php'
    'REMOTE_PORT' => '22888'
    'REDIRECT_URL' => '/web/test-rest/index'
    'GATEWAY_INTERFACE' => 'CGI/1.1'
    'SERVER_PROTOCOL' => 'HTTP/1.0'
    'REQUEST_METHOD' => 'GET'
    'QUERY_STRING' => ''
    'REQUEST_URI' => '/web/test-rest/index'
    'SCRIPT_NAME' => '/index.php'
    'PHP_SELF' => '/index.php'
    'REQUEST_TIME_FLOAT' => 1507208124.697
    'REQUEST_TIME' => 1507208124
    'argv' => []
    'argc' => 0
]
2017-10-05 15:55:35 [127.0.0.1][-][-][error][yii\web\HttpException:404] yii\base\InvalidRouteException: Unable to resolve the request "web/test-rest/index". in D:\OpenServer\domains\yiiadv\vendor\yiisoft\yii2\base\Module.php:532
Stack trace:
#0 D:\OpenServer\domains\yiiadv\vendor\yiisoft\yii2\web\Application.php(102): yii\base\Module->runAction('web/test-rest/i...', Array)
#1 D:\OpenServer\domains\yiiadv\vendor\yiisoft\yii2\base\Application.php(380): yii\web\Application->handleRequest(Object(yii\web\Request))
#2 D:\OpenServer\domains\yiiadv\api\web\index.php(19): yii\base\Application->run()
#3 {main}

Next yii\web\NotFoundHttpException: Page not found. in D:\OpenServer\domains\yiiadv\vendor\yiisoft\yii2\web\Application.php:114
Stack trace:
#0 D:\OpenServer\domains\yiiadv\vendor\yiisoft\yii2\base\Application.php(380): yii\web\Application->handleRequest(Object(yii\web\Request))
#1 D:\OpenServer\domains\yiiadv\api\web\index.php(19): yii\base\Application->run()
#2 {main}
2017-10-05 15:55:34 [127.0.0.1][-][-][info][application] $_SERVER = [
    'REDIRECT_STATUS' => '200'
    'HTTP_HOST' => 'yiiadv.rest'
    'HTTP_X_REAL_IP' => '127.0.0.1'
    'HTTP_X_FORWARDED_PROTO' => 'http'
    'HTTP_CONNECTION' => 'close'
    'HTTP_CACHE_CONTROL' => 'max-age=0'
    'HTTP_UPGRADE_INSECURE_REQUESTS' => '1'
    'HTTP_USER_AGENT' => 'Mozilla/5.0 (Windows NT 6.1; WOW64) AppleWebKit/537.36 (KHTML, like Gecko) Chrome/55.0.2883.75 Safari/537.36'
    'HTTP_ACCEPT' => 'text/html,application/xhtml+xml,application/xml;q=0.9,image/webp,*/*;q=0.8'
    'HTTP_ACCEPT_ENCODING' => 'gzip, deflate, sdch'
    'HTTP_ACCEPT_LANGUAGE' => 'ru,en-US;q=0.8,en;q=0.6'
    'PATH' => 'd:\\openserver\\modules\\php\\PHP-7.0-x64\\ext;d:\\openserver\\modules\\php\\PHP-7.0-x64\\pear;d:\\openserver\\modules\\php\\PHP-7.0-x64\\pear\\bin;d:\\openserver\\modules\\php\\PHP-7.0-x64;d:\\openserver\\modules\\imagemagick;d:\\openserver\\modules\\wget\\bin;d:\\openserver\\modules\\git;d:\\openserver\\modules\\git\\bin;d:\\openserver\\modules\\git\\mingw\\bin;d:\\openserver\\modules\\git\\cmd;d:\\openserver\\modules\\database\\MySQL-5.6-x64\\bin;d:\\openserver\\modules\\http\\Apache-PHP-7-x64+Nginx-1.10\\bin;d:\\openserver\\modules\\http\\Apache-PHP-7-x64+Nginx-1.10;C:\\Windows\\system32;C:\\Windows;C:\\Windows\\system32\\Wbem;C:\\Windows\\SysWOW64'
    'SystemRoot' => 'C:\\Windows'
    'COMSPEC' => 'C:\\Windows\\system32\\cmd.exe'
    'PATHEXT' => '.COM;.EXE;.BAT;.CMD;.VBS;.VBE;.JS;.JSE;.WSF;.WSH;.MSC;.py;.pyw'
    'WINDIR' => 'C:\\Windows'
    'SERVER_SIGNATURE' => ''
    'SERVER_SOFTWARE' => 'Apache'
    'SERVER_NAME' => 'yiiadv.rest'
    'SERVER_ADDR' => '127.0.0.1'
    'SERVER_PORT' => '80'
    'REMOTE_ADDR' => '127.0.0.1'
    'DOCUMENT_ROOT' => 'D:/OpenServer/domains/yiiadv/api/web'
    'REQUEST_SCHEME' => 'http'
    'CONTEXT_PREFIX' => ''
    'CONTEXT_DOCUMENT_ROOT' => 'D:/OpenServer/domains/yiiadv/api/web'
    'SERVER_ADMIN' => '[no address given]'
    'SCRIPT_FILENAME' => 'D:/OpenServer/domains/yiiadv/api/web/index.php'
    'REMOTE_PORT' => '22891'
    'REDIRECT_URL' => '/web/test-rest/index'
    'GATEWAY_INTERFACE' => 'CGI/1.1'
    'SERVER_PROTOCOL' => 'HTTP/1.0'
    'REQUEST_METHOD' => 'GET'
    'QUERY_STRING' => ''
    'REQUEST_URI' => '/web/test-rest/index'
    'SCRIPT_NAME' => '/index.php'
    'PHP_SELF' => '/index.php'
    'REQUEST_TIME_FLOAT' => 1507208134.981
    'REQUEST_TIME' => 1507208134
    'argv' => []
    'argc' => 0
]
2017-10-05 15:55:50 [127.0.0.1][-][-][error][yii\web\HttpException:404] yii\base\InvalidRouteException: Unable to resolve the request "web/test-rest/index". in D:\OpenServer\domains\yiiadv\vendor\yiisoft\yii2\base\Module.php:532
Stack trace:
#0 D:\OpenServer\domains\yiiadv\vendor\yiisoft\yii2\web\Application.php(102): yii\base\Module->runAction('web/test-rest/i...', Array)
#1 D:\OpenServer\domains\yiiadv\vendor\yiisoft\yii2\base\Application.php(380): yii\web\Application->handleRequest(Object(yii\web\Request))
#2 D:\OpenServer\domains\yiiadv\api\web\index.php(19): yii\base\Application->run()
#3 {main}

Next yii\web\NotFoundHttpException: Page not found. in D:\OpenServer\domains\yiiadv\vendor\yiisoft\yii2\web\Application.php:114
Stack trace:
#0 D:\OpenServer\domains\yiiadv\vendor\yiisoft\yii2\base\Application.php(380): yii\web\Application->handleRequest(Object(yii\web\Request))
#1 D:\OpenServer\domains\yiiadv\api\web\index.php(19): yii\base\Application->run()
#2 {main}
2017-10-05 15:55:50 [127.0.0.1][-][-][info][application] $_SERVER = [
    'REDIRECT_STATUS' => '200'
    'HTTP_HOST' => 'yiiadv.rest'
    'HTTP_X_REAL_IP' => '127.0.0.1'
    'HTTP_X_FORWARDED_PROTO' => 'http'
    'HTTP_CONNECTION' => 'close'
    'HTTP_CACHE_CONTROL' => 'max-age=0'
    'HTTP_UPGRADE_INSECURE_REQUESTS' => '1'
    'HTTP_USER_AGENT' => 'Mozilla/5.0 (Windows NT 6.1; WOW64) AppleWebKit/537.36 (KHTML, like Gecko) Chrome/55.0.2883.75 Safari/537.36'
    'HTTP_ACCEPT' => 'text/html,application/xhtml+xml,application/xml;q=0.9,image/webp,*/*;q=0.8'
    'HTTP_ACCEPT_ENCODING' => 'gzip, deflate, sdch'
    'HTTP_ACCEPT_LANGUAGE' => 'ru,en-US;q=0.8,en;q=0.6'
    'PATH' => 'd:\\openserver\\modules\\php\\PHP-7.0-x64\\ext;d:\\openserver\\modules\\php\\PHP-7.0-x64\\pear;d:\\openserver\\modules\\php\\PHP-7.0-x64\\pear\\bin;d:\\openserver\\modules\\php\\PHP-7.0-x64;d:\\openserver\\modules\\imagemagick;d:\\openserver\\modules\\wget\\bin;d:\\openserver\\modules\\git;d:\\openserver\\modules\\git\\bin;d:\\openserver\\modules\\git\\mingw\\bin;d:\\openserver\\modules\\git\\cmd;d:\\openserver\\modules\\database\\MySQL-5.6-x64\\bin;d:\\openserver\\modules\\http\\Apache-PHP-7-x64+Nginx-1.10\\bin;d:\\openserver\\modules\\http\\Apache-PHP-7-x64+Nginx-1.10;C:\\Windows\\system32;C:\\Windows;C:\\Windows\\system32\\Wbem;C:\\Windows\\SysWOW64'
    'SystemRoot' => 'C:\\Windows'
    'COMSPEC' => 'C:\\Windows\\system32\\cmd.exe'
    'PATHEXT' => '.COM;.EXE;.BAT;.CMD;.VBS;.VBE;.JS;.JSE;.WSF;.WSH;.MSC;.py;.pyw'
    'WINDIR' => 'C:\\Windows'
    'SERVER_SIGNATURE' => ''
    'SERVER_SOFTWARE' => 'Apache'
    'SERVER_NAME' => 'yiiadv.rest'
    'SERVER_ADDR' => '127.0.0.1'
    'SERVER_PORT' => '80'
    'REMOTE_ADDR' => '127.0.0.1'
    'DOCUMENT_ROOT' => 'D:/OpenServer/domains/yiiadv/api/web'
    'REQUEST_SCHEME' => 'http'
    'CONTEXT_PREFIX' => ''
    'CONTEXT_DOCUMENT_ROOT' => 'D:/OpenServer/domains/yiiadv/api/web'
    'SERVER_ADMIN' => '[no address given]'
    'SCRIPT_FILENAME' => 'D:/OpenServer/domains/yiiadv/api/web/index.php'
    'REMOTE_PORT' => '22896'
    'REDIRECT_URL' => '/web/test-rest/index'
    'GATEWAY_INTERFACE' => 'CGI/1.1'
    'SERVER_PROTOCOL' => 'HTTP/1.0'
    'REQUEST_METHOD' => 'GET'
    'QUERY_STRING' => ''
    'REQUEST_URI' => '/web/test-rest/index'
    'SCRIPT_NAME' => '/index.php'
    'PHP_SELF' => '/index.php'
    'REQUEST_TIME_FLOAT' => 1507208150.744
    'REQUEST_TIME' => 1507208150
    'argv' => []
    'argc' => 0
]
2017-10-05 15:55:55 [127.0.0.1][-][-][error][yii\web\HttpException:404] yii\base\InvalidRouteException: Unable to resolve the request "web/test-rest/index". in D:\OpenServer\domains\yiiadv\vendor\yiisoft\yii2\base\Module.php:532
Stack trace:
#0 D:\OpenServer\domains\yiiadv\vendor\yiisoft\yii2\web\Application.php(102): yii\base\Module->runAction('web/test-rest/i...', Array)
#1 D:\OpenServer\domains\yiiadv\vendor\yiisoft\yii2\base\Application.php(380): yii\web\Application->handleRequest(Object(yii\web\Request))
#2 D:\OpenServer\domains\yiiadv\api\web\index.php(19): yii\base\Application->run()
#3 {main}

Next yii\web\NotFoundHttpException: Page not found. in D:\OpenServer\domains\yiiadv\vendor\yiisoft\yii2\web\Application.php:114
Stack trace:
#0 D:\OpenServer\domains\yiiadv\vendor\yiisoft\yii2\base\Application.php(380): yii\web\Application->handleRequest(Object(yii\web\Request))
#1 D:\OpenServer\domains\yiiadv\api\web\index.php(19): yii\base\Application->run()
#2 {main}
2017-10-05 15:55:55 [127.0.0.1][-][-][info][application] $_SERVER = [
    'REDIRECT_STATUS' => '200'
    'HTTP_HOST' => 'yiiadv.rest'
    'HTTP_X_REAL_IP' => '127.0.0.1'
    'HTTP_X_FORWARDED_PROTO' => 'http'
    'HTTP_CONNECTION' => 'close'
    'HTTP_CACHE_CONTROL' => 'max-age=0'
    'HTTP_UPGRADE_INSECURE_REQUESTS' => '1'
    'HTTP_USER_AGENT' => 'Mozilla/5.0 (Windows NT 6.1; WOW64) AppleWebKit/537.36 (KHTML, like Gecko) Chrome/55.0.2883.75 Safari/537.36'
    'HTTP_ACCEPT' => 'text/html,application/xhtml+xml,application/xml;q=0.9,image/webp,*/*;q=0.8'
    'HTTP_ACCEPT_ENCODING' => 'gzip, deflate, sdch'
    'HTTP_ACCEPT_LANGUAGE' => 'ru,en-US;q=0.8,en;q=0.6'
    'PATH' => 'd:\\openserver\\modules\\php\\PHP-7.0-x64\\ext;d:\\openserver\\modules\\php\\PHP-7.0-x64\\pear;d:\\openserver\\modules\\php\\PHP-7.0-x64\\pear\\bin;d:\\openserver\\modules\\php\\PHP-7.0-x64;d:\\openserver\\modules\\imagemagick;d:\\openserver\\modules\\wget\\bin;d:\\openserver\\modules\\git;d:\\openserver\\modules\\git\\bin;d:\\openserver\\modules\\git\\mingw\\bin;d:\\openserver\\modules\\git\\cmd;d:\\openserver\\modules\\database\\MySQL-5.6-x64\\bin;d:\\openserver\\modules\\http\\Apache-PHP-7-x64+Nginx-1.10\\bin;d:\\openserver\\modules\\http\\Apache-PHP-7-x64+Nginx-1.10;C:\\Windows\\system32;C:\\Windows;C:\\Windows\\system32\\Wbem;C:\\Windows\\SysWOW64'
    'SystemRoot' => 'C:\\Windows'
    'COMSPEC' => 'C:\\Windows\\system32\\cmd.exe'
    'PATHEXT' => '.COM;.EXE;.BAT;.CMD;.VBS;.VBE;.JS;.JSE;.WSF;.WSH;.MSC;.py;.pyw'
    'WINDIR' => 'C:\\Windows'
    'SERVER_SIGNATURE' => ''
    'SERVER_SOFTWARE' => 'Apache'
    'SERVER_NAME' => 'yiiadv.rest'
    'SERVER_ADDR' => '127.0.0.1'
    'SERVER_PORT' => '80'
    'REMOTE_ADDR' => '127.0.0.1'
    'DOCUMENT_ROOT' => 'D:/OpenServer/domains/yiiadv/api/web'
    'REQUEST_SCHEME' => 'http'
    'CONTEXT_PREFIX' => ''
    'CONTEXT_DOCUMENT_ROOT' => 'D:/OpenServer/domains/yiiadv/api/web'
    'SERVER_ADMIN' => '[no address given]'
    'SCRIPT_FILENAME' => 'D:/OpenServer/domains/yiiadv/api/web/index.php'
    'REMOTE_PORT' => '22899'
    'REDIRECT_URL' => '/web/test-rest/index'
    'GATEWAY_INTERFACE' => 'CGI/1.1'
    'SERVER_PROTOCOL' => 'HTTP/1.0'
    'REQUEST_METHOD' => 'GET'
    'QUERY_STRING' => ''
    'REQUEST_URI' => '/web/test-rest/index'
    'SCRIPT_NAME' => '/index.php'
    'PHP_SELF' => '/index.php'
    'REQUEST_TIME_FLOAT' => 1507208155.645
    'REQUEST_TIME' => 1507208155
    'argv' => []
    'argc' => 0
]
